<?xml version="1.0" encoding="UTF-8"?>
<!-- Generated by org.testng.reporters.JUnitReportReporter -->
<testsuite skipped="0" hostname="ACP-PC" name="com.Zoopla.Home.Home" tests="1" failures="0" timestamp="04 Sep 2020 09:34:11 GMT" time="3.400" errors="0">
  <testcase name="enterLocation" time="3.400" classname="com.Zoopla.Home.Home"/>
</testsuite> <!-- com.Zoopla.Home.Home -->
