<?xml version="1.0" encoding="UTF-8"?>
<!-- Generated by org.testng.reporters.JUnitReportReporter -->
<testsuite skipped="0" hostname="ACP-PC" name="com.Zoopla.London.London" tests="2" failures="0" timestamp="04 Sep 2020 09:34:11 GMT" time="3.241" errors="0">
  <testcase name="validateHeader" time="0.128" classname="com.Zoopla.London.London"/>
  <testcase name="displayList" time="3.113" classname="com.Zoopla.London.London"/>
</testsuite> <!-- com.Zoopla.London.London -->
