<?xml version="1.0" encoding="UTF-8"?>
<!-- Generated by org.testng.reporters.JUnitReportReporter -->
<testsuite skipped="0" hostname="ACP-PC" name="com.Zoopla.Agent.Agent" tests="1" failures="0" timestamp="04 Sep 2020 09:34:11 GMT" time="0.138" errors="0">
  <testcase name="validateAgent" time="0.138" classname="com.Zoopla.Agent.Agent"/>
</testsuite> <!-- com.Zoopla.Agent.Agent -->
