<?xml version="1.0" encoding="UTF-8"?>
<!-- Generated by org.testng.reporters.JUnitReportReporter -->
<testsuite skipped="0" hostname="ACP-PC" name="com.Zoopla.Property.Property" tests="1" failures="0" timestamp="04 Sep 2020 09:34:11 GMT" time="5.005" errors="0">
  <testcase name="validateProperty" time="5.005" classname="com.Zoopla.Property.Property"/>
</testsuite> <!-- com.Zoopla.Property.Property -->
